[0m21:09:50.590004 [debug] [MainThread]: Sending event: {'category': 'dbt', 'action': 'invocation', 'label': 'start', 'context': [<snowplow_tracker.self_describing_json.SelfDescribingJson object at 0x728433079580>, <snowplow_tracker.self_describing_json.SelfDescribingJson object at 0x728434833ad0>, <snowplow_tracker.self_describing_json.SelfDescribingJson object at 0x728433079a00>]}


============================== 21:09:50.595619 | 60ed3938-3e1a-4b30-9126-2cd4529a1e8c ==============================
[0m21:09:50.595619 [info ] [MainThread]: Running with dbt=1.11.2
[0m21:09:50.596542 [debug] [MainThread]: running dbt with arguments {'send_anonymous_usage_stats': 'True', 'empty': 'None', 'version_check': 'True', 'static_parser': 'True', 'debug': 'False', 'invocation_command': 'dbt debug', 'write_json': 'True', 'no_print': 'None', 'log_cache_events': 'False', 'partial_parse': 'True', 'use_experimental_parser': 'False', 'indirect_selection': 'eager', 'warn_error': 'None', 'printer_width': '80', 'warn_error_options': 'WarnErrorOptionsV2(error=[], warn=[], silence=[])', 'log_path': '/home/ubuntu/dst_dbt_exam/logs', 'log_format': 'default', 'use_colors': 'True', 'cache_selected_only': 'False', 'target_path': 'None', 'profiles_dir': '/home/ubuntu/.dbt', 'introspect': 'True', 'quiet': 'False', 'fail_fast': 'False'}
[0m21:09:50.611442 [info ] [MainThread]: dbt version: 1.11.2
[0m21:09:50.612204 [info ] [MainThread]: python version: 3.12.3
[0m21:09:50.612827 [info ] [MainThread]: python path: /home/ubuntu/dst_env/bin/python3
[0m21:09:50.613377 [info ] [MainThread]: os info: Linux-6.14.0-1018-aws-x86_64-with-glibc2.39
[0m21:09:51.585351 [debug] [MainThread]: Snowflake adapter: Setting snowflake.connector to ERROR (file logging only)
[0m21:09:51.586191 [debug] [MainThread]: Snowflake adapter: Setting botocore to ERROR (file logging only)
[0m21:09:51.586773 [debug] [MainThread]: Snowflake adapter: Setting boto3 to ERROR (file logging only)
[0m21:09:51.703318 [info ] [MainThread]: Using profiles dir at /home/ubuntu/.dbt
[0m21:09:51.704157 [info ] [MainThread]: Using profiles.yml file at /home/ubuntu/.dbt/profiles.yml
[0m21:09:51.704793 [info ] [MainThread]: Using dbt_project.yml file at /home/ubuntu/dst_dbt_exam/dbt_project.yml
[0m21:09:51.705618 [info ] [MainThread]: adapter type: snowflake
[0m21:09:51.706188 [info ] [MainThread]: adapter version: 1.11.1
[0m21:09:51.903048 [info ] [MainThread]: Configuration:
[0m21:09:51.903843 [info ] [MainThread]:   profiles.yml file [[32mOK found and valid[0m]
[0m21:09:51.904427 [info ] [MainThread]:   dbt_project.yml file [[32mOK found and valid[0m]
[0m21:09:51.905019 [info ] [MainThread]: Required dependencies:
[0m21:09:51.905638 [debug] [MainThread]: Executing "git --help"
[0m21:09:51.909074 [debug] [MainThread]: STDOUT: "b"usage: git [-v | --version] [-h | --help] [-C <path>] [-c <name>=<value>]\n           [--exec-path[=<path>]] [--html-path] [--man-path] [--info-path]\n           [-p | --paginate | -P | --no-pager] [--no-replace-objects] [--bare]\n           [--git-dir=<path>] [--work-tree=<path>] [--namespace=<name>]\n           [--config-env=<name>=<envvar>] <command> [<args>]\n\nThese are common Git commands used in various situations:\n\nstart a working area (see also: git help tutorial)\n   clone     Clone a repository into a new directory\n   init      Create an empty Git repository or reinitialize an existing one\n\nwork on the current change (see also: git help everyday)\n   add       Add file contents to the index\n   mv        Move or rename a file, a directory, or a symlink\n   restore   Restore working tree files\n   rm        Remove files from the working tree and from the index\n\nexamine the history and state (see also: git help revisions)\n   bisect    Use binary search to find the commit that introduced a bug\n   diff      Show changes between commits, commit and working tree, etc\n   grep      Print lines matching a pattern\n   log       Show commit logs\n   show      Show various types of objects\n   status    Show the working tree status\n\ngrow, mark and tweak your common history\n   branch    List, create, or delete branches\n   commit    Record changes to the repository\n   merge     Join two or more development histories together\n   rebase    Reapply commits on top of another base tip\n   reset     Reset current HEAD to the specified state\n   switch    Switch branches\n   tag       Create, list, delete or verify a tag object signed with GPG\n\ncollaborate (see also: git help workflows)\n   fetch     Download objects and refs from another repository\n   pull      Fetch from and integrate with another repository or a local branch\n   push      Update remote refs along with associated objects\n\n'git help -a' and 'git help -g' list available subcommands and some\nconcept guides. See 'git help <command>' or 'git help <concept>'\nto read about a specific subcommand or concept.\nSee 'git help git' for an overview of the system.\n""
[0m21:09:51.909926 [debug] [MainThread]: STDERR: "b''"
[0m21:09:51.910614 [info ] [MainThread]:  - git [[32mOK found[0m]

[0m21:09:51.911269 [info ] [MainThread]: Connection:
[0m21:09:51.911925 [info ] [MainThread]:   account: NGAMFYN-XS69666
[0m21:09:51.912479 [info ] [MainThread]:   user: NIKO
[0m21:09:51.913153 [info ] [MainThread]:   database: DST_DB
[0m21:09:51.913791 [info ] [MainThread]:   warehouse: WAREHOUSE_DST
[0m21:09:51.914462 [info ] [MainThread]:   role: ACCOUNTADMIN
[0m21:09:51.915198 [info ] [MainThread]:   schema: STAR
[0m21:09:51.916011 [info ] [MainThread]:   authenticator: None
[0m21:09:51.916800 [info ] [MainThread]:   oauth_client_id: None
[0m21:09:51.917455 [info ] [MainThread]:   query_tag: None
[0m21:09:51.918172 [info ] [MainThread]:   client_session_keep_alive: False
[0m21:09:51.918888 [info ] [MainThread]:   host: None
[0m21:09:51.919437 [info ] [MainThread]:   port: None
[0m21:09:51.920007 [info ] [MainThread]:   proxy_host: None
[0m21:09:51.920560 [info ] [MainThread]:   proxy_port: None
[0m21:09:51.921179 [info ] [MainThread]:   protocol: None
[0m21:09:51.921837 [info ] [MainThread]:   connect_retries: 1
[0m21:09:51.922415 [info ] [MainThread]:   connect_timeout: None
[0m21:09:51.923156 [info ] [MainThread]:   retry_on_database_errors: False
[0m21:09:51.923710 [info ] [MainThread]:   retry_all: False
[0m21:09:51.924299 [info ] [MainThread]:   insecure_mode: False
[0m21:09:51.924850 [info ] [MainThread]:   reuse_connections: True
[0m21:09:51.925398 [info ] [MainThread]:   s3_stage_vpce_dns_name: None
[0m21:09:51.925985 [info ] [MainThread]:   platform_detection_timeout_seconds: 0.0
[0m21:09:51.926855 [info ] [MainThread]: Registered adapter: snowflake=1.11.1
[0m21:09:52.152570 [debug] [MainThread]: Acquiring new snowflake connection 'debug'
[0m21:09:52.195104 [debug] [MainThread]: Using snowflake connection "debug"
[0m21:09:52.195754 [debug] [MainThread]: On debug: select 1 as id
[0m21:09:52.196297 [debug] [MainThread]: Opening a new connection, currently in state init
[0m21:09:53.192553 [debug] [MainThread]: SQL status: SUCCESS 1 in 0.996 seconds
[0m21:09:53.194254 [info ] [MainThread]:   Connection test: [[32mOK connection ok[0m]

[0m21:09:53.194908 [info ] [MainThread]: [32mAll checks passed![0m
[0m21:09:53.196408 [debug] [MainThread]: Resource report: {"command_name": "debug", "command_success": true, "command_wall_clock_time": 2.7167492, "process_in_blocks": "0", "process_kernel_time": 0.479966, "process_mem_max_rss": "216744", "process_out_blocks": "32", "process_user_time": 4.154104}
[0m21:09:53.197181 [debug] [MainThread]: Command `dbt debug` succeeded at 21:09:53.197023 after 2.72 seconds
[0m21:09:53.197754 [debug] [MainThread]: Connection 'debug' was left open.
[0m21:09:53.198244 [debug] [MainThread]: On debug: Close
[0m21:09:53.273452 [debug] [MainThread]: Sending event: {'category': 'dbt', 'action': 'invocation', 'label': 'end', 'context': [<snowplow_tracker.self_describing_json.SelfDescribingJson object at 0x7284332b6360>, <snowplow_tracker.self_describing_json.SelfDescribingJson object at 0x728420224380>, <snowplow_tracker.self_describing_json.SelfDescribingJson object at 0x728434833ad0>]}
[0m21:09:53.274276 [debug] [MainThread]: Flushing usage events
[0m21:09:53.607384 [debug] [MainThread]: An error was encountered while trying to flush usage events
